[0.074s] DEBUG:colcon:Command line arguments: ['/usr/bin/colcon', 'build']
[0.074s] DEBUG:colcon:Parsed command line arguments: Namespace(log_base=None, log_level=None, verb_name='build', build_base='build', install_base='install', merge_install=False, symlink_install=False, test_result_base=None, continue_on_error=False, executor='parallel', parallel_workers=4, event_handlers=None, ignore_user_meta=False, metas=['./colcon.meta'], base_paths=['.'], packages_ignore=None, packages_ignore_regex=None, paths=None, packages_up_to=None, packages_up_to_regex=None, packages_above=None, packages_above_and_dependencies=None, packages_above_depth=None, packages_select_by_dep=None, packages_skip_by_dep=None, packages_skip_up_to=None, packages_select_build_failed=False, packages_skip_build_finished=False, packages_select_test_failures=False, packages_skip_test_passed=False, packages_select=None, packages_skip=None, packages_select_regex=None, packages_skip_regex=None, packages_start=None, packages_end=None, allow_overriding=[], cmake_args=None, cmake_target=None, cmake_target_skip_unavailable=False, cmake_clean_cache=False, cmake_clean_first=False, cmake_force_configure=False, ament_cmake_args=None, catkin_cmake_args=None, catkin_skip_building_tests=False, mixin_files=None, mixin=None, verb_parser=<colcon_mixin.mixin.mixin_argument.MixinArgumentDecorator object at 0xff7cfafa7290>, verb_extension=<colcon_core.verb.build.BuildVerb object at 0xff7cfb1adee0>, main=<bound method BuildVerb.main of <colcon_core.verb.build.BuildVerb object at 0xff7cfb1adee0>>, mixin_verb=('build',))
[0.181s] Level 1:colcon.colcon_core.package_discovery:discover_packages(colcon_meta) check parameters
[0.182s] Level 1:colcon.colcon_core.package_discovery:discover_packages(recursive) check parameters
[0.182s] Level 1:colcon.colcon_core.package_discovery:discover_packages(ignore) check parameters
[0.182s] Level 1:colcon.colcon_core.package_discovery:discover_packages(path) check parameters
[0.182s] Level 1:colcon.colcon_core.package_discovery:discover_packages(colcon_meta) discover
[0.182s] Level 1:colcon.colcon_core.package_discovery:discover_packages(recursive) discover
[0.182s] INFO:colcon.colcon_core.package_discovery:Crawling recursively for packages in '/home/a81r/Documents/MARCH ROVER/Robot_er_Haat-main(1)/Robot_er_Haat-main'
[0.182s] Level 1:colcon.colcon_core.package_identification:_identify(.) by extensions ['ignore', 'ignore_ament_install']
[0.182s] Level 1:colcon.colcon_core.package_identification:_identify(.) by extension 'ignore'
[0.182s] Level 1:colcon.colcon_core.package_identification:_identify(.) by extension 'ignore_ament_install'
[0.182s] Level 1:colcon.colcon_core.package_identification:_identify(.) by extensions ['colcon_pkg']
[0.182s] Level 1:colcon.colcon_core.package_identification:_identify(.) by extension 'colcon_pkg'
[0.182s] Level 1:colcon.colcon_core.package_identification:_identify(.) by extensions ['colcon_meta']
[0.182s] Level 1:colcon.colcon_core.package_identification:_identify(.) by extension 'colcon_meta'
[0.182s] Level 1:colcon.colcon_core.package_identification:_identify(.) by extensions ['ros']
[0.182s] Level 1:colcon.colcon_core.package_identification:_identify(.) by extension 'ros'
[0.203s] DEBUG:colcon.colcon_core.package_identification:Package '.' with type 'ros.ament_python' and name 'rover_arm'
[0.203s] Level 1:colcon.colcon_core.package_discovery:discover_packages(recursive) using defaults
[0.203s] Level 1:colcon.colcon_core.package_discovery:discover_packages(ignore) discover
[0.203s] Level 1:colcon.colcon_core.package_discovery:discover_packages(ignore) using defaults
[0.203s] Level 1:colcon.colcon_core.package_discovery:discover_packages(path) discover
[0.203s] Level 1:colcon.colcon_core.package_discovery:discover_packages(path) using defaults
[0.214s] Level 1:colcon.colcon_core.package_discovery:discover_packages(prefix_path) check parameters
[0.214s] Level 1:colcon.colcon_core.package_discovery:discover_packages(prefix_path) discover
[0.215s] WARNING:colcon.colcon_ros.prefix_path.ament:The path '/home/a81r/Documents/MARCH ROVER/Robot_er_Haat-main(1)/Robot_er_Haat-main/install/rover_arm' in the environment variable AMENT_PREFIX_PATH doesn't exist
[0.215s] DEBUG:colcon.colcon_installed_package_information.package_discovery:Found 0 installed packages in /home/a81r/Documents/MARCH ROVER/Robot_er_Haat-main(1)/Robot_er_Haat-main/install
[0.218s] DEBUG:colcon.colcon_installed_package_information.package_discovery:Found 389 installed packages in /opt/ros/jazzy
[0.220s] DEBUG:colcon.colcon_installed_package_information.package_discovery:Found 91 installed packages in /opt/ros/rolling
[0.221s] Level 1:colcon.colcon_core.package_discovery:discover_packages(prefix_path) using defaults
[0.264s] Level 5:colcon.colcon_core.verb:set package 'rover_arm' build argument 'cmake_args' from command line to 'None'
[0.264s] Level 5:colcon.colcon_core.verb:set package 'rover_arm' build argument 'cmake_target' from command line to 'None'
[0.264s] Level 5:colcon.colcon_core.verb:set package 'rover_arm' build argument 'cmake_target_skip_unavailable' from command line to 'False'
[0.264s] Level 5:colcon.colcon_core.verb:set package 'rover_arm' build argument 'cmake_clean_cache' from command line to 'False'
[0.264s] Level 5:colcon.colcon_core.verb:set package 'rover_arm' build argument 'cmake_clean_first' from command line to 'False'
[0.264s] Level 5:colcon.colcon_core.verb:set package 'rover_arm' build argument 'cmake_force_configure' from command line to 'False'
[0.264s] Level 5:colcon.colcon_core.verb:set package 'rover_arm' build argument 'ament_cmake_args' from command line to 'None'
[0.264s] Level 5:colcon.colcon_core.verb:set package 'rover_arm' build argument 'catkin_cmake_args' from command line to 'None'
[0.264s] Level 5:colcon.colcon_core.verb:set package 'rover_arm' build argument 'catkin_skip_building_tests' from command line to 'False'
[0.264s] DEBUG:colcon.colcon_core.verb:Building package 'rover_arm' with the following arguments: {'ament_cmake_args': None, 'build_base': '/home/a81r/Documents/MARCH ROVER/Robot_er_Haat-main(1)/Robot_er_Haat-main/build/rover_arm', 'catkin_cmake_args': None, 'catkin_skip_building_tests': False, 'cmake_args': None, 'cmake_clean_cache': False, 'cmake_clean_first': False, 'cmake_force_configure': False, 'cmake_target': None, 'cmake_target_skip_unavailable': False, 'install_base': '/home/a81r/Documents/MARCH ROVER/Robot_er_Haat-main(1)/Robot_er_Haat-main/install/rover_arm', 'merge_install': False, 'path': '/home/a81r/Documents/MARCH ROVER/Robot_er_Haat-main(1)/Robot_er_Haat-main', 'symlink_install': False, 'test_result_base': None}
[0.266s] INFO:colcon.colcon_core.executor:Executing jobs using 'parallel' executor
[0.267s] DEBUG:colcon.colcon_parallel_executor.executor.parallel:run_until_complete
[0.267s] INFO:colcon.colcon_ros.task.ament_python.build:Building ROS package in '/home/a81r/Documents/MARCH ROVER/Robot_er_Haat-main(1)/Robot_er_Haat-main' with build type 'ament_python'
[0.267s] Level 1:colcon.colcon_core.shell:create_environment_hook('rover_arm', 'ament_prefix_path')
[0.269s] INFO:colcon.colcon_core.plugin_system:Skipping extension 'colcon_core.shell.bat': Not used on non-Windows systems
[0.269s] INFO:colcon.colcon_core.shell:Creating environment hook '/home/a81r/Documents/MARCH ROVER/Robot_er_Haat-main(1)/Robot_er_Haat-main/install/rover_arm/share/rover_arm/hook/ament_prefix_path.ps1'
[0.270s] INFO:colcon.colcon_core.shell:Creating environment descriptor '/home/a81r/Documents/MARCH ROVER/Robot_er_Haat-main(1)/Robot_er_Haat-main/install/rover_arm/share/rover_arm/hook/ament_prefix_path.dsv'
[0.270s] INFO:colcon.colcon_core.shell:Creating environment hook '/home/a81r/Documents/MARCH ROVER/Robot_er_Haat-main(1)/Robot_er_Haat-main/install/rover_arm/share/rover_arm/hook/ament_prefix_path.sh'
[0.271s] INFO:colcon.colcon_core.shell:Skip shell extension 'powershell' for command environment: Not usable outside of PowerShell
[0.271s] DEBUG:colcon.colcon_core.shell:Skip shell extension 'dsv' for command environment
[0.482s] INFO:colcon.colcon_core.task.python.build:Building Python package in '/home/a81r/Documents/MARCH ROVER/Robot_er_Haat-main(1)/Robot_er_Haat-main'
[0.482s] INFO:colcon.colcon_core.shell:Skip shell extension 'powershell' for command environment: Not usable outside of PowerShell
[0.482s] DEBUG:colcon.colcon_core.shell:Skip shell extension 'dsv' for command environment
[0.922s] DEBUG:colcon.colcon_core.event_handler.log_command:Invoking command in '/home/a81r/Documents/MARCH ROVER/Robot_er_Haat-main(1)/Robot_er_Haat-main': DEBUGINFOD_URLS=https://debuginfod.ubuntu.com PYTHONPATH=/home/a81r/Documents/MARCH ROVER/Robot_er_Haat-main(1)/Robot_er_Haat-main/build/rover_arm/prefix_override:/usr/lib/python3/dist-packages/colcon_core/task/python/colcon_distutils_commands:/home/a81r/Documents/MARCH ROVER/Robot_er_Haat-main(1)/Robot_er_Haat-main/install/rover_arm/lib/python3.12/site-packages:${PYTHONPATH} /usr/bin/python3 -W ignore:setup.py install is deprecated -W ignore:easy_install command is deprecated setup.py egg_info --egg-base build/rover_arm build --build-base /home/a81r/Documents/MARCH ROVER/Robot_er_Haat-main(1)/Robot_er_Haat-main/build/rover_arm/build install --record /home/a81r/Documents/MARCH ROVER/Robot_er_Haat-main(1)/Robot_er_Haat-main/build/rover_arm/install.log --single-version-externally-managed install_data
[1.336s] DEBUG:colcon.colcon_core.event_handler.log_command:Invoked command in '/home/a81r/Documents/MARCH ROVER/Robot_er_Haat-main(1)/Robot_er_Haat-main' returned '0': DEBUGINFOD_URLS=https://debuginfod.ubuntu.com PYTHONPATH=/home/a81r/Documents/MARCH ROVER/Robot_er_Haat-main(1)/Robot_er_Haat-main/build/rover_arm/prefix_override:/usr/lib/python3/dist-packages/colcon_core/task/python/colcon_distutils_commands:/home/a81r/Documents/MARCH ROVER/Robot_er_Haat-main(1)/Robot_er_Haat-main/install/rover_arm/lib/python3.12/site-packages:${PYTHONPATH} /usr/bin/python3 -W ignore:setup.py install is deprecated -W ignore:easy_install command is deprecated setup.py egg_info --egg-base build/rover_arm build --build-base /home/a81r/Documents/MARCH ROVER/Robot_er_Haat-main(1)/Robot_er_Haat-main/build/rover_arm/build install --record /home/a81r/Documents/MARCH ROVER/Robot_er_Haat-main(1)/Robot_er_Haat-main/build/rover_arm/install.log --single-version-externally-managed install_data
[1.337s] Level 1:colcon.colcon_core.environment:checking '/home/a81r/Documents/MARCH ROVER/Robot_er_Haat-main(1)/Robot_er_Haat-main/install/rover_arm' for CMake module files
[1.337s] Level 1:colcon.colcon_core.environment:checking '/home/a81r/Documents/MARCH ROVER/Robot_er_Haat-main(1)/Robot_er_Haat-main/install/rover_arm' for CMake config files
[1.337s] Level 1:colcon.colcon_core.environment:checking '/home/a81r/Documents/MARCH ROVER/Robot_er_Haat-main(1)/Robot_er_Haat-main/install/rover_arm/lib'
[1.337s] Level 1:colcon.colcon_core.environment:checking '/home/a81r/Documents/MARCH ROVER/Robot_er_Haat-main(1)/Robot_er_Haat-main/install/rover_arm/bin'
[1.337s] Level 1:colcon.colcon_core.environment:checking '/home/a81r/Documents/MARCH ROVER/Robot_er_Haat-main(1)/Robot_er_Haat-main/install/rover_arm/lib/pkgconfig/rover_arm.pc'
[1.338s] Level 1:colcon.colcon_core.environment:checking '/home/a81r/Documents/MARCH ROVER/Robot_er_Haat-main(1)/Robot_er_Haat-main/install/rover_arm/lib/python3.12/site-packages'
[1.338s] Level 1:colcon.colcon_core.shell:create_environment_hook('rover_arm', 'pythonpath')
[1.338s] INFO:colcon.colcon_core.shell:Creating environment hook '/home/a81r/Documents/MARCH ROVER/Robot_er_Haat-main(1)/Robot_er_Haat-main/install/rover_arm/share/rover_arm/hook/pythonpath.ps1'
[1.338s] INFO:colcon.colcon_core.shell:Creating environment descriptor '/home/a81r/Documents/MARCH ROVER/Robot_er_Haat-main(1)/Robot_er_Haat-main/install/rover_arm/share/rover_arm/hook/pythonpath.dsv'
[1.338s] INFO:colcon.colcon_core.shell:Creating environment hook '/home/a81r/Documents/MARCH ROVER/Robot_er_Haat-main(1)/Robot_er_Haat-main/install/rover_arm/share/rover_arm/hook/pythonpath.sh'
[1.339s] Level 1:colcon.colcon_core.environment:checking '/home/a81r/Documents/MARCH ROVER/Robot_er_Haat-main(1)/Robot_er_Haat-main/install/rover_arm/bin'
[1.339s] Level 1:colcon.colcon_core.environment:create_environment_scripts_only(rover_arm)
[1.339s] INFO:colcon.colcon_core.shell:Creating package script '/home/a81r/Documents/MARCH ROVER/Robot_er_Haat-main(1)/Robot_er_Haat-main/install/rover_arm/share/rover_arm/package.ps1'
[1.339s] INFO:colcon.colcon_core.shell:Creating package descriptor '/home/a81r/Documents/MARCH ROVER/Robot_er_Haat-main(1)/Robot_er_Haat-main/install/rover_arm/share/rover_arm/package.dsv'
[1.340s] INFO:colcon.colcon_core.shell:Creating package script '/home/a81r/Documents/MARCH ROVER/Robot_er_Haat-main(1)/Robot_er_Haat-main/install/rover_arm/share/rover_arm/package.sh'
[1.340s] INFO:colcon.colcon_core.shell:Creating package script '/home/a81r/Documents/MARCH ROVER/Robot_er_Haat-main(1)/Robot_er_Haat-main/install/rover_arm/share/rover_arm/package.bash'
[1.341s] INFO:colcon.colcon_core.shell:Creating package script '/home/a81r/Documents/MARCH ROVER/Robot_er_Haat-main(1)/Robot_er_Haat-main/install/rover_arm/share/rover_arm/package.zsh'
[1.341s] Level 1:colcon.colcon_core.environment:create_file_with_runtime_dependencies(/home/a81r/Documents/MARCH ROVER/Robot_er_Haat-main(1)/Robot_er_Haat-main/install/rover_arm/share/colcon-core/packages/rover_arm)
[1.341s] DEBUG:colcon.colcon_parallel_executor.executor.parallel:closing loop
[1.341s] DEBUG:colcon.colcon_parallel_executor.executor.parallel:loop closed
[1.341s] DEBUG:colcon.colcon_parallel_executor.executor.parallel:run_until_complete finished with '0'
[1.341s] DEBUG:colcon.colcon_core.event_reactor:joining thread
[1.346s] INFO:colcon.colcon_core.plugin_system:Skipping extension 'colcon_notification.desktop_notification.terminal_notifier': Not used on non-Darwin systems
[1.346s] INFO:colcon.colcon_core.plugin_system:Skipping extension 'colcon_notification.desktop_notification.win32': Not used on non-Windows systems
[1.346s] INFO:colcon.colcon_notification.desktop_notification:Sending desktop notification using 'notify2'
[1.361s] DEBUG:colcon.colcon_core.event_reactor:joined thread
[1.361s] INFO:colcon.colcon_core.shell:Creating prefix script '/home/a81r/Documents/MARCH ROVER/Robot_er_Haat-main(1)/Robot_er_Haat-main/install/local_setup.ps1'
[1.361s] INFO:colcon.colcon_core.shell:Creating prefix util module '/home/a81r/Documents/MARCH ROVER/Robot_er_Haat-main(1)/Robot_er_Haat-main/install/_local_setup_util_ps1.py'
[1.362s] INFO:colcon.colcon_core.shell:Creating prefix chain script '/home/a81r/Documents/MARCH ROVER/Robot_er_Haat-main(1)/Robot_er_Haat-main/install/setup.ps1'
[1.364s] INFO:colcon.colcon_core.shell:Creating prefix script '/home/a81r/Documents/MARCH ROVER/Robot_er_Haat-main(1)/Robot_er_Haat-main/install/local_setup.sh'
[1.365s] INFO:colcon.colcon_core.shell:Creating prefix util module '/home/a81r/Documents/MARCH ROVER/Robot_er_Haat-main(1)/Robot_er_Haat-main/install/_local_setup_util_sh.py'
[1.365s] INFO:colcon.colcon_core.shell:Creating prefix chain script '/home/a81r/Documents/MARCH ROVER/Robot_er_Haat-main(1)/Robot_er_Haat-main/install/setup.sh'
[1.366s] INFO:colcon.colcon_core.shell:Creating prefix script '/home/a81r/Documents/MARCH ROVER/Robot_er_Haat-main(1)/Robot_er_Haat-main/install/local_setup.bash'
[1.366s] INFO:colcon.colcon_core.shell:Creating prefix chain script '/home/a81r/Documents/MARCH ROVER/Robot_er_Haat-main(1)/Robot_er_Haat-main/install/setup.bash'
[1.367s] INFO:colcon.colcon_core.shell:Creating prefix script '/home/a81r/Documents/MARCH ROVER/Robot_er_Haat-main(1)/Robot_er_Haat-main/install/local_setup.zsh'
[1.367s] INFO:colcon.colcon_core.shell:Creating prefix chain script '/home/a81r/Documents/MARCH ROVER/Robot_er_Haat-main(1)/Robot_er_Haat-main/install/setup.zsh'
