/home/a81r/Documents/MARCH ROVER/Robot_er_Haat-main(1)/Robot_er_Haat-main/install/rover_arm/lib/python3.12/site-packages/rover_arm/arm_joy_controller.py
/home/a81r/Documents/MARCH ROVER/Robot_er_Haat-main(1)/Robot_er_Haat-main/install/rover_arm/lib/python3.12/site-packages/rover_arm/ik_visualizer.py
/home/a81r/Documents/MARCH ROVER/Robot_er_Haat-main(1)/Robot_er_Haat-main/install/rover_arm/lib/python3.12/site-packages/rover_arm/__init__.py
/home/a81r/Documents/MARCH ROVER/Robot_er_Haat-main(1)/Robot_er_Haat-main/install/rover_arm/lib/python3.12/site-packages/rover_arm/__pycache__/arm_joy_controller.cpython-312.pyc
/home/a81r/Documents/MARCH ROVER/Robot_er_Haat-main(1)/Robot_er_Haat-main/install/rover_arm/lib/python3.12/site-packages/rover_arm/__pycache__/ik_visualizer.cpython-312.pyc
/home/a81r/Documents/MARCH ROVER/Robot_er_Haat-main(1)/Robot_er_Haat-main/install/rover_arm/lib/python3.12/site-packages/rover_arm/__pycache__/__init__.cpython-312.pyc
/home/a81r/Documents/MARCH ROVER/Robot_er_Haat-main(1)/Robot_er_Haat-main/install/rover_arm/share/ament_index/resource_index/packages/rover_arm
/home/a81r/Documents/MARCH ROVER/Robot_er_Haat-main(1)/Robot_er_Haat-main/install/rover_arm/share/rover_arm/package.xml
/home/a81r/Documents/MARCH ROVER/Robot_er_Haat-main(1)/Robot_er_Haat-main/install/rover_arm/share/rover_arm/launch/display.launch.py
/home/a81r/Documents/MARCH ROVER/Robot_er_Haat-main(1)/Robot_er_Haat-main/install/rover_arm/share/rover_arm/launch/arm.launch.py
/home/a81r/Documents/MARCH ROVER/Robot_er_Haat-main(1)/Robot_er_Haat-main/install/rover_arm/share/rover_arm/launch/ik.launch.py
/home/a81r/Documents/MARCH ROVER/Robot_er_Haat-main(1)/Robot_er_Haat-main/install/rover_arm/share/rover_arm/launch/gazebo.launch.py
/home/a81r/Documents/MARCH ROVER/Robot_er_Haat-main(1)/Robot_er_Haat-main/install/rover_arm/share/rover_arm/urdf/arm.urdf
/home/a81r/Documents/MARCH ROVER/Robot_er_Haat-main(1)/Robot_er_Haat-main/install/rover_arm/share/rover_arm/rviz/arm.rviz
/home/a81r/Documents/MARCH ROVER/Robot_er_Haat-main(1)/Robot_er_Haat-main/install/rover_arm/share/rover_arm/config/arm_controllers.yaml
/home/a81r/Documents/MARCH ROVER/Robot_er_Haat-main(1)/Robot_er_Haat-main/install/rover_arm/lib/python3.12/site-packages/rover_arm-1.0.0-py3.12.egg-info/requires.txt
/home/a81r/Documents/MARCH ROVER/Robot_er_Haat-main(1)/Robot_er_Haat-main/install/rover_arm/lib/python3.12/site-packages/rover_arm-1.0.0-py3.12.egg-info/dependency_links.txt
/home/a81r/Documents/MARCH ROVER/Robot_er_Haat-main(1)/Robot_er_Haat-main/install/rover_arm/lib/python3.12/site-packages/rover_arm-1.0.0-py3.12.egg-info/top_level.txt
/home/a81r/Documents/MARCH ROVER/Robot_er_Haat-main(1)/Robot_er_Haat-main/install/rover_arm/lib/python3.12/site-packages/rover_arm-1.0.0-py3.12.egg-info/SOURCES.txt
/home/a81r/Documents/MARCH ROVER/Robot_er_Haat-main(1)/Robot_er_Haat-main/install/rover_arm/lib/python3.12/site-packages/rover_arm-1.0.0-py3.12.egg-info/PKG-INFO
/home/a81r/Documents/MARCH ROVER/Robot_er_Haat-main(1)/Robot_er_Haat-main/install/rover_arm/lib/python3.12/site-packages/rover_arm-1.0.0-py3.12.egg-info/entry_points.txt
/home/a81r/Documents/MARCH ROVER/Robot_er_Haat-main(1)/Robot_er_Haat-main/install/rover_arm/lib/python3.12/site-packages/rover_arm-1.0.0-py3.12.egg-info/zip-safe
/home/a81r/Documents/MARCH ROVER/Robot_er_Haat-main(1)/Robot_er_Haat-main/install/rover_arm/lib/rover_arm/arm_joy_controller
/home/a81r/Documents/MARCH ROVER/Robot_er_Haat-main(1)/Robot_er_Haat-main/install/rover_arm/lib/rover_arm/ik_visualizer
