[0.654s] Invoking command in '/home/a81r/Documents/MARCH ROVER/Robot_er_Haat-main(1)/Robot_er_Haat-main': DEBUGINFOD_URLS=https://debuginfod.ubuntu.com PYTHONPATH=/home/a81r/Documents/MARCH ROVER/Robot_er_Haat-main(1)/Robot_er_Haat-main/build/rover_arm/prefix_override:/usr/lib/python3/dist-packages/colcon_core/task/python/colcon_distutils_commands:/home/a81r/Documents/MARCH ROVER/Robot_er_Haat-main(1)/Robot_er_Haat-main/install/rover_arm/lib/python3.12/site-packages:${PYTHONPATH} /usr/bin/python3 -W ignore:setup.py install is deprecated -W ignore:easy_install command is deprecated setup.py egg_info --egg-base build/rover_arm build --build-base /home/a81r/Documents/MARCH ROVER/Robot_er_Haat-main(1)/Robot_er_Haat-main/build/rover_arm/build install --record /home/a81r/Documents/MARCH ROVER/Robot_er_Haat-main(1)/Robot_er_Haat-main/build/rover_arm/install.log --single-version-externally-managed install_data
[0.876s] running egg_info
[0.876s] creating build/rover_arm/rover_arm.egg-info
[0.886s] writing build/rover_arm/rover_arm.egg-info/PKG-INFO
[0.886s] writing dependency_links to build/rover_arm/rover_arm.egg-info/dependency_links.txt
[0.886s] writing entry points to build/rover_arm/rover_arm.egg-info/entry_points.txt
[0.886s] writing requirements to build/rover_arm/rover_arm.egg-info/requires.txt
[0.886s] writing top-level names to build/rover_arm/rover_arm.egg-info/top_level.txt
[0.886s] writing manifest file 'build/rover_arm/rover_arm.egg-info/SOURCES.txt'
[0.910s] reading manifest file 'build/rover_arm/rover_arm.egg-info/SOURCES.txt'
[0.910s] writing manifest file 'build/rover_arm/rover_arm.egg-info/SOURCES.txt'
[0.910s] running build
[0.910s] running build_py
[0.911s] creating /home/a81r/Documents/MARCH ROVER/Robot_er_Haat-main(1)/Robot_er_Haat-main/build/rover_arm/build
[0.911s] creating /home/a81r/Documents/MARCH ROVER/Robot_er_Haat-main(1)/Robot_er_Haat-main/build/rover_arm/build/lib
[0.911s] creating /home/a81r/Documents/MARCH ROVER/Robot_er_Haat-main(1)/Robot_er_Haat-main/build/rover_arm/build/lib/rover_arm
[0.911s] copying rover_arm/arm_joy_controller.py -> /home/a81r/Documents/MARCH ROVER/Robot_er_Haat-main(1)/Robot_er_Haat-main/build/rover_arm/build/lib/rover_arm
[0.911s] copying rover_arm/ik_visualizer.py -> /home/a81r/Documents/MARCH ROVER/Robot_er_Haat-main(1)/Robot_er_Haat-main/build/rover_arm/build/lib/rover_arm
[0.911s] copying rover_arm/__init__.py -> /home/a81r/Documents/MARCH ROVER/Robot_er_Haat-main(1)/Robot_er_Haat-main/build/rover_arm/build/lib/rover_arm
[0.911s] running install
[0.915s] running install_lib
[0.928s] creating /home/a81r/Documents/MARCH ROVER/Robot_er_Haat-main(1)/Robot_er_Haat-main/install/rover_arm/lib/python3.12/site-packages/rover_arm
[0.928s] copying /home/a81r/Documents/MARCH ROVER/Robot_er_Haat-main(1)/Robot_er_Haat-main/build/rover_arm/build/lib/rover_arm/arm_joy_controller.py -> /home/a81r/Documents/MARCH ROVER/Robot_er_Haat-main(1)/Robot_er_Haat-main/install/rover_arm/lib/python3.12/site-packages/rover_arm
[0.928s] copying /home/a81r/Documents/MARCH ROVER/Robot_er_Haat-main(1)/Robot_er_Haat-main/build/rover_arm/build/lib/rover_arm/ik_visualizer.py -> /home/a81r/Documents/MARCH ROVER/Robot_er_Haat-main(1)/Robot_er_Haat-main/install/rover_arm/lib/python3.12/site-packages/rover_arm
[0.928s] copying /home/a81r/Documents/MARCH ROVER/Robot_er_Haat-main(1)/Robot_er_Haat-main/build/rover_arm/build/lib/rover_arm/__init__.py -> /home/a81r/Documents/MARCH ROVER/Robot_er_Haat-main(1)/Robot_er_Haat-main/install/rover_arm/lib/python3.12/site-packages/rover_arm
[0.929s] byte-compiling /home/a81r/Documents/MARCH ROVER/Robot_er_Haat-main(1)/Robot_er_Haat-main/install/rover_arm/lib/python3.12/site-packages/rover_arm/arm_joy_controller.py to arm_joy_controller.cpython-312.pyc
[0.931s] byte-compiling /home/a81r/Documents/MARCH ROVER/Robot_er_Haat-main(1)/Robot_er_Haat-main/install/rover_arm/lib/python3.12/site-packages/rover_arm/ik_visualizer.py to ik_visualizer.cpython-312.pyc
[0.935s] byte-compiling /home/a81r/Documents/MARCH ROVER/Robot_er_Haat-main(1)/Robot_er_Haat-main/install/rover_arm/lib/python3.12/site-packages/rover_arm/__init__.py to __init__.cpython-312.pyc
[0.935s] running install_data
[0.935s] creating /home/a81r/Documents/MARCH ROVER/Robot_er_Haat-main(1)/Robot_er_Haat-main/install/rover_arm/share/ament_index
[0.935s] creating /home/a81r/Documents/MARCH ROVER/Robot_er_Haat-main(1)/Robot_er_Haat-main/install/rover_arm/share/ament_index/resource_index
[0.935s] creating /home/a81r/Documents/MARCH ROVER/Robot_er_Haat-main(1)/Robot_er_Haat-main/install/rover_arm/share/ament_index/resource_index/packages
[0.935s] copying resource/rover_arm -> /home/a81r/Documents/MARCH ROVER/Robot_er_Haat-main(1)/Robot_er_Haat-main/install/rover_arm/share/ament_index/resource_index/packages
[0.936s] copying package.xml -> /home/a81r/Documents/MARCH ROVER/Robot_er_Haat-main(1)/Robot_er_Haat-main/install/rover_arm/share/rover_arm
[0.936s] creating /home/a81r/Documents/MARCH ROVER/Robot_er_Haat-main(1)/Robot_er_Haat-main/install/rover_arm/share/rover_arm/launch
[0.936s] copying launch/display.launch.py -> /home/a81r/Documents/MARCH ROVER/Robot_er_Haat-main(1)/Robot_er_Haat-main/install/rover_arm/share/rover_arm/launch
[0.936s] copying launch/arm.launch.py -> /home/a81r/Documents/MARCH ROVER/Robot_er_Haat-main(1)/Robot_er_Haat-main/install/rover_arm/share/rover_arm/launch
[0.936s] copying launch/ik.launch.py -> /home/a81r/Documents/MARCH ROVER/Robot_er_Haat-main(1)/Robot_er_Haat-main/install/rover_arm/share/rover_arm/launch
[0.936s] copying launch/gazebo.launch.py -> /home/a81r/Documents/MARCH ROVER/Robot_er_Haat-main(1)/Robot_er_Haat-main/install/rover_arm/share/rover_arm/launch
[0.936s] creating /home/a81r/Documents/MARCH ROVER/Robot_er_Haat-main(1)/Robot_er_Haat-main/install/rover_arm/share/rover_arm/urdf
[0.936s] copying urdf/arm.urdf -> /home/a81r/Documents/MARCH ROVER/Robot_er_Haat-main(1)/Robot_er_Haat-main/install/rover_arm/share/rover_arm/urdf
[0.936s] creating /home/a81r/Documents/MARCH ROVER/Robot_er_Haat-main(1)/Robot_er_Haat-main/install/rover_arm/share/rover_arm/rviz
[0.936s] copying rviz/arm.rviz -> /home/a81r/Documents/MARCH ROVER/Robot_er_Haat-main(1)/Robot_er_Haat-main/install/rover_arm/share/rover_arm/rviz
[0.936s] creating /home/a81r/Documents/MARCH ROVER/Robot_er_Haat-main(1)/Robot_er_Haat-main/install/rover_arm/share/rover_arm/config
[0.936s] copying config/arm_controllers.yaml -> /home/a81r/Documents/MARCH ROVER/Robot_er_Haat-main(1)/Robot_er_Haat-main/install/rover_arm/share/rover_arm/config
[0.936s] running install_egg_info
[0.952s] Copying build/rover_arm/rover_arm.egg-info to /home/a81r/Documents/MARCH ROVER/Robot_er_Haat-main(1)/Robot_er_Haat-main/install/rover_arm/lib/python3.12/site-packages/rover_arm-1.0.0-py3.12.egg-info
[0.953s] running install_scripts
[1.048s] Installing arm_joy_controller script to /home/a81r/Documents/MARCH ROVER/Robot_er_Haat-main(1)/Robot_er_Haat-main/install/rover_arm/lib/rover_arm
[1.049s] Installing ik_visualizer script to /home/a81r/Documents/MARCH ROVER/Robot_er_Haat-main(1)/Robot_er_Haat-main/install/rover_arm/lib/rover_arm
[1.050s] writing list of installed files to '/home/a81r/Documents/MARCH ROVER/Robot_er_Haat-main(1)/Robot_er_Haat-main/build/rover_arm/install.log'
[1.068s] Invoked command in '/home/a81r/Documents/MARCH ROVER/Robot_er_Haat-main(1)/Robot_er_Haat-main' returned '0': DEBUGINFOD_URLS=https://debuginfod.ubuntu.com PYTHONPATH=/home/a81r/Documents/MARCH ROVER/Robot_er_Haat-main(1)/Robot_er_Haat-main/build/rover_arm/prefix_override:/usr/lib/python3/dist-packages/colcon_core/task/python/colcon_distutils_commands:/home/a81r/Documents/MARCH ROVER/Robot_er_Haat-main(1)/Robot_er_Haat-main/install/rover_arm/lib/python3.12/site-packages:${PYTHONPATH} /usr/bin/python3 -W ignore:setup.py install is deprecated -W ignore:easy_install command is deprecated setup.py egg_info --egg-base build/rover_arm build --build-base /home/a81r/Documents/MARCH ROVER/Robot_er_Haat-main(1)/Robot_er_Haat-main/build/rover_arm/build install --record /home/a81r/Documents/MARCH ROVER/Robot_er_Haat-main(1)/Robot_er_Haat-main/build/rover_arm/install.log --single-version-externally-managed install_data
